INFO - 2023-07-11 05:24:42 --> Session: Class initialized using 'CodeIgniter\Session\Handlers\FileHandler' driver.
INFO - 2023-07-11 05:25:05 --> Session: Class initialized using 'CodeIgniter\Session\Handlers\FileHandler' driver.
INFO - 2023-07-11 05:25:15 --> Session: Class initialized using 'CodeIgniter\Session\Handlers\FileHandler' driver.
INFO - 2023-07-11 05:25:44 --> Session: Class initialized using 'CodeIgniter\Session\Handlers\FileHandler' driver.
INFO - 2023-07-11 05:25:50 --> Session: Class initialized using 'CodeIgniter\Session\Handlers\FileHandler' driver.
INFO - 2023-07-11 05:26:00 --> Session: Class initialized using 'CodeIgniter\Session\Handlers\FileHandler' driver.
INFO - 2023-07-11 05:26:03 --> Session: Class initialized using 'CodeIgniter\Session\Handlers\FileHandler' driver.
INFO - 2023-07-11 05:26:09 --> Session: Class initialized using 'CodeIgniter\Session\Handlers\FileHandler' driver.
CRITICAL - 2023-07-11 05:26:58 --> Undefined property: App\Controllers\Novel::$genre
in APPPATH\Controllers\Novel.php on line 38.
 1 APPPATH\Controllers\Novel.php(38): CodeIgniter\Debug\Exceptions->errorHandler(8, 'Undefined property: App\\Controllers\\Novel::$genre', 'C:\\Users\\Dian\\Documents\\semester 4\\FRAMEWORK\\Pengelolaan-Daftar-Novel-CI4-Kelompok1\\app\\Controllers\\Novel.php', 38, [...])
 2 SYSTEMPATH\CodeIgniter.php(932): App\Controllers\Novel->detailNovel('10')
 3 SYSTEMPATH\CodeIgniter.php(497): CodeIgniter\CodeIgniter->runController(Object(App\Controllers\Novel))
 4 SYSTEMPATH\CodeIgniter.php(366): CodeIgniter\CodeIgniter->handleRequest(null, Object(Config\Cache), false)
 5 FCPATH\index.php(67): CodeIgniter\CodeIgniter->run()
 6 SYSTEMPATH\Commands\Server\rewrite.php(47): require_once('C:\\Users\\Dian\\Documents\\semester 4\\FRAMEWORK\\Pengelolaan-Daftar-Novel-CI4-Kelompok1\\public\\index.php')
INFO - 2023-07-11 05:27:25 --> Session: Class initialized using 'CodeIgniter\Session\Handlers\FileHandler' driver.
CRITICAL - 2023-07-11 05:27:28 --> Undefined property: App\Controllers\Novel::$genre
in APPPATH\Controllers\Novel.php on line 38.
 1 APPPATH\Controllers\Novel.php(38): CodeIgniter\Debug\Exceptions->errorHandler(8, 'Undefined property: App\\Controllers\\Novel::$genre', 'C:\\Users\\Dian\\Documents\\semester 4\\FRAMEWORK\\Pengelolaan-Daftar-Novel-CI4-Kelompok1\\app\\Controllers\\Novel.php', 38, [...])
 2 SYSTEMPATH\CodeIgniter.php(932): App\Controllers\Novel->detailNovel('5')
 3 SYSTEMPATH\CodeIgniter.php(497): CodeIgniter\CodeIgniter->runController(Object(App\Controllers\Novel))
 4 SYSTEMPATH\CodeIgniter.php(366): CodeIgniter\CodeIgniter->handleRequest(null, Object(Config\Cache), false)
 5 FCPATH\index.php(67): CodeIgniter\CodeIgniter->run()
 6 SYSTEMPATH\Commands\Server\rewrite.php(47): require_once('C:\\Users\\Dian\\Documents\\semester 4\\FRAMEWORK\\Pengelolaan-Daftar-Novel-CI4-Kelompok1\\public\\index.php')
CRITICAL - 2023-07-11 05:31:26 --> Call to a member function getAllData() on null
in APPPATH\Controllers\Novel.php on line 38.
 1 SYSTEMPATH\CodeIgniter.php(932): App\Controllers\Novel->detailNovel('5')
 2 SYSTEMPATH\CodeIgniter.php(497): CodeIgniter\CodeIgniter->runController(Object(App\Controllers\Novel))
 3 SYSTEMPATH\CodeIgniter.php(366): CodeIgniter\CodeIgniter->handleRequest(null, Object(Config\Cache), false)
 4 FCPATH\index.php(67): CodeIgniter\CodeIgniter->run()
 5 SYSTEMPATH\Commands\Server\rewrite.php(47): require_once('C:\\Users\\Dian\\Documents\\semester 4\\FRAMEWORK\\Pengelolaan-Daftar-Novel-CI4-Kelompok1\\public\\index.php')
CRITICAL - 2023-07-11 05:33:43 --> Undefined property: App\Controllers\Novel::$genre
in APPPATH\Controllers\Novel.php on line 38.
 1 APPPATH\Controllers\Novel.php(38): CodeIgniter\Debug\Exceptions->errorHandler(8, 'Undefined property: App\\Controllers\\Novel::$genre', 'C:\\Users\\Dian\\Documents\\semester 4\\FRAMEWORK\\Pengelolaan-Daftar-Novel-CI4-Kelompok1\\app\\Controllers\\Novel.php', 38, [...])
 2 SYSTEMPATH\CodeIgniter.php(932): App\Controllers\Novel->detailNovel('5')
 3 SYSTEMPATH\CodeIgniter.php(497): CodeIgniter\CodeIgniter->runController(Object(App\Controllers\Novel))
 4 SYSTEMPATH\CodeIgniter.php(366): CodeIgniter\CodeIgniter->handleRequest(null, Object(Config\Cache), false)
 5 FCPATH\index.php(67): CodeIgniter\CodeIgniter->run()
 6 SYSTEMPATH\Commands\Server\rewrite.php(47): require_once('C:\\Users\\Dian\\Documents\\semester 4\\FRAMEWORK\\Pengelolaan-Daftar-Novel-CI4-Kelompok1\\public\\index.php')
INFO - 2023-07-11 05:33:49 --> Session: Class initialized using 'CodeIgniter\Session\Handlers\FileHandler' driver.
CRITICAL - 2023-07-11 05:33:53 --> Undefined property: App\Controllers\Novel::$genre
in APPPATH\Controllers\Novel.php on line 70.
 1 APPPATH\Controllers\Novel.php(70): CodeIgniter\Debug\Exceptions->errorHandler(8, 'Undefined property: App\\Controllers\\Novel::$genre', 'C:\\Users\\Dian\\Documents\\semester 4\\FRAMEWORK\\Pengelolaan-Daftar-Novel-CI4-Kelompok1\\app\\Controllers\\Novel.php', 70, [])
 2 SYSTEMPATH\CodeIgniter.php(932): App\Controllers\Novel->add()
 3 SYSTEMPATH\CodeIgniter.php(497): CodeIgniter\CodeIgniter->runController(Object(App\Controllers\Novel))
 4 SYSTEMPATH\CodeIgniter.php(366): CodeIgniter\CodeIgniter->handleRequest(null, Object(Config\Cache), false)
 5 FCPATH\index.php(67): CodeIgniter\CodeIgniter->run()
 6 SYSTEMPATH\Commands\Server\rewrite.php(47): require_once('C:\\Users\\Dian\\Documents\\semester 4\\FRAMEWORK\\Pengelolaan-Daftar-Novel-CI4-Kelompok1\\public\\index.php')
INFO - 2023-07-11 05:34:01 --> Session: Class initialized using 'CodeIgniter\Session\Handlers\FileHandler' driver.
CRITICAL - 2023-07-11 05:36:42 --> Undefined property: App\Controllers\Novel::$genre
in APPPATH\Controllers\Novel.php on line 70.
 1 APPPATH\Controllers\Novel.php(70): CodeIgniter\Debug\Exceptions->errorHandler(8, 'Undefined property: App\\Controllers\\Novel::$genre', 'C:\\Users\\Dian\\Documents\\semester 4\\FRAMEWORK\\Pengelolaan-Daftar-Novel-CI4-Kelompok1\\app\\Controllers\\Novel.php', 70, [])
 2 SYSTEMPATH\CodeIgniter.php(932): App\Controllers\Novel->add()
 3 SYSTEMPATH\CodeIgniter.php(497): CodeIgniter\CodeIgniter->runController(Object(App\Controllers\Novel))
 4 SYSTEMPATH\CodeIgniter.php(366): CodeIgniter\CodeIgniter->handleRequest(null, Object(Config\Cache), false)
 5 FCPATH\index.php(67): CodeIgniter\CodeIgniter->run()
 6 SYSTEMPATH\Commands\Server\rewrite.php(47): require_once('C:\\Users\\Dian\\Documents\\semester 4\\FRAMEWORK\\Pengelolaan-Daftar-Novel-CI4-Kelompok1\\public\\index.php')
CRITICAL - 2023-07-11 05:40:36 --> Undefined property: App\Controllers\Novel::$genre
in APPPATH\Controllers\Novel.php on line 71.
 1 APPPATH\Controllers\Novel.php(71): CodeIgniter\Debug\Exceptions->errorHandler(8, 'Undefined property: App\\Controllers\\Novel::$genre', 'C:\\Users\\Dian\\Documents\\semester 4\\FRAMEWORK\\Pengelolaan-Daftar-Novel-CI4-Kelompok1\\app\\Controllers\\Novel.php', 71, [])
 2 SYSTEMPATH\CodeIgniter.php(932): App\Controllers\Novel->add()
 3 SYSTEMPATH\CodeIgniter.php(497): CodeIgniter\CodeIgniter->runController(Object(App\Controllers\Novel))
 4 SYSTEMPATH\CodeIgniter.php(366): CodeIgniter\CodeIgniter->handleRequest(null, Object(Config\Cache), false)
 5 FCPATH\index.php(67): CodeIgniter\CodeIgniter->run()
 6 SYSTEMPATH\Commands\Server\rewrite.php(47): require_once('C:\\Users\\Dian\\Documents\\semester 4\\FRAMEWORK\\Pengelolaan-Daftar-Novel-CI4-Kelompok1\\public\\index.php')
INFO - 2023-07-11 05:40:50 --> Session: Class initialized using 'CodeIgniter\Session\Handlers\FileHandler' driver.
INFO - 2023-07-11 05:45:05 --> Session: Class initialized using 'CodeIgniter\Session\Handlers\FileHandler' driver.
